<?xml version="1.0" encoding="UTF-8"?>
<!-- Generated by org.testng.reporters.JUnitReportReporter -->
<testsuite skipped="0" hostname="DESKTOP-5CRR46H" name="com.test.scripts.GoogleSearchTest" tests="1" failures="0" timestamp="11 Mar 2019 17:16:54 GMT" time="23.668" errors="0">
  <testcase name="googletest" time="23.668" classname="com.test.scripts.GoogleSearchTest"/>
</testsuite> <!-- com.test.scripts.GoogleSearchTest -->
